2026-01-16 17:42:43,845 | INFO | [urls] Catalog page: http://books.toscrape.com/catalogue/page-1.html
2026-01-16 17:42:44,577 | INFO | [urls] Found products: 20
2026-01-16 17:42:45,445 | INFO | [urls] Catalog page: http://books.toscrape.com/catalogue/page-2.html
2026-01-16 17:42:45,824 | INFO | [urls] Found products: 20
2026-01-16 17:42:46,693 | INFO | [urls] Catalog page: http://books.toscrape.com/catalogue/page-3.html
2026-01-16 17:42:47,075 | INFO | [urls] Found products: 20
2026-01-16 17:42:47,949 | INFO | [urls] Catalog page: http://books.toscrape.com/catalogue/page-4.html
2026-01-16 17:42:48,328 | INFO | [urls] Found products: 20
2026-01-16 17:42:49,203 | INFO | [urls] Catalog page: http://books.toscrape.com/catalogue/page-5.html
2026-01-16 17:42:49,586 | INFO | [urls] Found products: 20
2026-01-16 17:42:50,458 | INFO | [urls] Catalog page: http://books.toscrape.com/catalogue/page-6.html
2026-01-16 17:42:50,827 | INFO | [urls] Found products: 20
2026-01-16 17:42:51,695 | INFO | [urls] Catalog page: http://books.toscrape.com/catalogue/page-7.html
2026-01-16 17:42:52,080 | INFO | [urls] Found products: 20
2026-01-16 17:42:52,953 | INFO | [urls] Catalog page: http://books.toscrape.com/catalogue/page-8.html
2026-01-16 17:42:53,334 | INFO | [urls] Found products: 20
2026-01-16 17:42:54,206 | INFO | [urls] Catalog page: http://books.toscrape.com/catalogue/page-9.html
2026-01-16 17:42:54,586 | INFO | [urls] Found products: 20
2026-01-16 17:42:55,484 | INFO | [urls] Catalog page: http://books.toscrape.com/catalogue/page-10.html
2026-01-16 17:42:55,887 | INFO | [urls] Found products: 20
2026-01-16 17:42:56,759 | INFO | [urls] Catalog page: http://books.toscrape.com/catalogue/page-11.html
2026-01-16 17:42:57,140 | INFO | [urls] Found products: 20
2026-01-16 17:42:58,015 | INFO | [urls] Catalog page: http://books.toscrape.com/catalogue/page-12.html
2026-01-16 17:42:58,403 | INFO | [urls] Found products: 20
2026-01-16 17:42:59,271 | INFO | [urls] Catalog page: http://books.toscrape.com/catalogue/page-13.html
2026-01-16 17:42:59,645 | INFO | [urls] Found products: 20
2026-01-16 17:43:00,513 | INFO | [urls] Catalog page: http://books.toscrape.com/catalogue/page-14.html
2026-01-16 17:43:00,884 | INFO | [urls] Found products: 20
2026-01-16 17:43:01,753 | INFO | [urls] Catalog page: http://books.toscrape.com/catalogue/page-15.html
2026-01-16 17:43:02,125 | INFO | [urls] Found products: 20
2026-01-16 17:43:03,054 | INFO | [urls] Catalog page: http://books.toscrape.com/catalogue/page-16.html
2026-01-16 17:43:03,433 | INFO | [urls] Found products: 20
2026-01-16 17:43:04,308 | INFO | [urls] Catalog page: http://books.toscrape.com/catalogue/page-17.html
2026-01-16 17:43:04,696 | INFO | [urls] Found products: 20
2026-01-16 17:43:05,583 | INFO | [urls] Catalog page: http://books.toscrape.com/catalogue/page-18.html
2026-01-16 17:43:05,976 | INFO | [urls] Found products: 20
2026-01-16 17:43:06,853 | INFO | [urls] Catalog page: http://books.toscrape.com/catalogue/page-19.html
2026-01-16 17:43:07,231 | INFO | [urls] Found products: 20
2026-01-16 17:43:08,113 | INFO | [urls] Catalog page: http://books.toscrape.com/catalogue/page-20.html
2026-01-16 17:43:08,497 | INFO | [urls] Found products: 20
2026-01-16 17:43:09,384 | INFO | [urls] Catalog page: http://books.toscrape.com/catalogue/page-21.html
2026-01-16 17:43:09,768 | INFO | [urls] Found products: 20
2026-01-16 17:43:10,651 | INFO | [urls] Catalog page: http://books.toscrape.com/catalogue/page-22.html
2026-01-16 17:43:11,026 | INFO | [urls] Found products: 20
2026-01-16 17:43:11,903 | INFO | [urls] Catalog page: http://books.toscrape.com/catalogue/page-23.html
2026-01-16 17:43:12,279 | INFO | [urls] Found products: 20
2026-01-16 17:43:13,151 | INFO | [urls] Catalog page: http://books.toscrape.com/catalogue/page-24.html
2026-01-16 17:43:13,546 | INFO | [urls] Found products: 20
2026-01-16 17:43:14,424 | INFO | [urls] Catalog page: http://books.toscrape.com/catalogue/page-25.html
2026-01-16 17:43:14,825 | INFO | [urls] Found products: 20
2026-01-16 17:43:15,699 | INFO | [urls] Catalog page: http://books.toscrape.com/catalogue/page-26.html
2026-01-16 17:43:16,068 | INFO | [urls] Found products: 20
2026-01-16 17:43:16,961 | INFO | [urls] Catalog page: http://books.toscrape.com/catalogue/page-27.html
2026-01-16 17:43:17,358 | INFO | [urls] Found products: 20
2026-01-16 17:43:18,230 | INFO | [urls] Catalog page: http://books.toscrape.com/catalogue/page-28.html
2026-01-16 17:43:18,603 | INFO | [urls] Found products: 20
2026-01-16 17:43:19,473 | INFO | [urls] Catalog page: http://books.toscrape.com/catalogue/page-29.html
2026-01-16 17:43:19,870 | INFO | [urls] Found products: 20
2026-01-16 17:43:20,749 | INFO | [urls] Catalog page: http://books.toscrape.com/catalogue/page-30.html
2026-01-16 17:43:21,135 | INFO | [urls] Found products: 20
2026-01-16 17:43:22,010 | INFO | [urls] Catalog page: http://books.toscrape.com/catalogue/page-31.html
2026-01-16 17:43:22,380 | INFO | [urls] Found products: 20
2026-01-16 17:43:23,252 | INFO | [urls] Catalog page: http://books.toscrape.com/catalogue/page-32.html
2026-01-16 17:43:23,627 | INFO | [urls] Found products: 20
2026-01-16 17:43:24,499 | INFO | [urls] Catalog page: http://books.toscrape.com/catalogue/page-33.html
2026-01-16 17:43:24,881 | INFO | [urls] Found products: 20
2026-01-16 17:43:25,753 | INFO | [urls] Catalog page: http://books.toscrape.com/catalogue/page-34.html
2026-01-16 17:43:26,135 | INFO | [urls] Found products: 20
2026-01-16 17:43:27,008 | INFO | [urls] Catalog page: http://books.toscrape.com/catalogue/page-35.html
2026-01-16 17:43:27,389 | INFO | [urls] Found products: 20
2026-01-16 17:43:28,261 | INFO | [urls] Catalog page: http://books.toscrape.com/catalogue/page-36.html
2026-01-16 17:43:28,659 | INFO | [urls] Found products: 20
2026-01-16 17:43:29,531 | INFO | [urls] Catalog page: http://books.toscrape.com/catalogue/page-37.html
2026-01-16 17:43:29,921 | INFO | [urls] Found products: 20
2026-01-16 17:43:30,795 | INFO | [urls] Catalog page: http://books.toscrape.com/catalogue/page-38.html
2026-01-16 17:43:31,180 | INFO | [urls] Found products: 20
2026-01-16 17:43:32,062 | INFO | [urls] Catalog page: http://books.toscrape.com/catalogue/page-39.html
2026-01-16 17:43:32,455 | INFO | [urls] Found products: 20
2026-01-16 17:43:33,341 | INFO | [urls] Catalog page: http://books.toscrape.com/catalogue/page-40.html
2026-01-16 17:43:33,726 | INFO | [urls] Found products: 20
2026-01-16 17:43:34,616 | INFO | [urls] Catalog page: http://books.toscrape.com/catalogue/page-41.html
2026-01-16 17:43:35,003 | INFO | [urls] Found products: 20
2026-01-16 17:43:35,874 | INFO | [urls] Catalog page: http://books.toscrape.com/catalogue/page-42.html
2026-01-16 17:43:36,258 | INFO | [urls] Found products: 20
2026-01-16 17:43:37,133 | INFO | [urls] Catalog page: http://books.toscrape.com/catalogue/page-43.html
2026-01-16 17:43:37,517 | INFO | [urls] Found products: 20
2026-01-16 17:43:38,395 | INFO | [urls] Catalog page: http://books.toscrape.com/catalogue/page-44.html
2026-01-16 17:43:38,769 | INFO | [urls] Found products: 20
2026-01-16 17:43:39,646 | INFO | [urls] Catalog page: http://books.toscrape.com/catalogue/page-45.html
2026-01-16 17:43:40,026 | INFO | [urls] Found products: 20
2026-01-16 17:43:40,899 | INFO | [urls] Catalog page: http://books.toscrape.com/catalogue/page-46.html
2026-01-16 17:43:41,302 | INFO | [urls] Found products: 20
2026-01-16 17:43:42,188 | INFO | [urls] Catalog page: http://books.toscrape.com/catalogue/page-47.html
2026-01-16 17:43:42,596 | INFO | [urls] Found products: 20
2026-01-16 17:43:43,503 | INFO | [urls] Catalog page: http://books.toscrape.com/catalogue/page-48.html
2026-01-16 17:43:43,890 | INFO | [urls] Found products: 20
2026-01-16 17:43:44,763 | INFO | [urls] Catalog page: http://books.toscrape.com/catalogue/page-49.html
2026-01-16 17:43:45,156 | INFO | [urls] Found products: 20
2026-01-16 17:43:46,035 | INFO | [urls] Catalog page: http://books.toscrape.com/catalogue/page-50.html
2026-01-16 17:43:46,466 | INFO | [urls] Found products: 20
2026-01-16 17:43:47,348 | INFO | [urls] Total unique product URLs collected: 1000
2026-01-16 17:43:52,835 | INFO | [all] Saved: 1000 URLs -> product_urls.txt
2026-01-16 17:57:40,497 | INFO | [all] Done. Products processed: 1000. Lines written: 1000. Output: books.txt
